// 重构日志: d644582d
// 同步 ID: 5158619e @ Sun Jul 12 17:23:35 UTC 2026
// 重构日志: 9ddcfac7
// 重构日志: a0f8530c
// 重构日志: 00b6221d
// 重构日志: d55c5038
// 同步 ID: 62ae61d1 @ Mon Jul 13 17:45:43 UTC 2026
// 重构日志: d5687fa5
// 重构日志: 9665d9e9
// 重构日志: b38ae416
// 重构日志: b9329b00
// 同步 ID: f2670236 @ Tue Jul 14 15:04:14 UTC 2026
// 同步 ID: 7f392f68 @ Tue Jul 14 17:18:47 UTC 2026
// 重构日志: 2dcc5792
// 同步 ID: c64306e3 @ Wed Jul 15 00:09:55 UTC 2026
// 重构日志: fa20fd20
// 重构日志: a301c0c7
// 重构日志: a4daae18
// 重构日志: 8abc42f0
// 重构日志: f2a7a750
// 重构日志: 6c85e4fa
// 重构日志: 82da4b1b
// 同步 ID: 51353108 @ Sat Jul 18 00:39:53 UTC 2026
// 同步 ID: 1679f4da @ Sat Jul 18 06:42:19 UTC 2026
// 重构日志: 42b6c6c1
// 重构日志: 72cca637
// 重构日志: 2723a726
// 同步 ID: aca4a593 @ Sun Jul 19 11:15:32 UTC 2026
// 同步 ID: 026d36f0 @ Sun Jul 19 12:39:22 UTC 2026
// 同步 ID: 3a146c4b @ Sun Jul 19 17:39:44 UTC 2026
// 重构日志: 0834e374
